-------------------------------------------------------------------------------
Test set: org.sonar.samples.java.checks.AvoidClassInstanceObjectTest
-------------------------------------------------------------------------------
Tests run: 1, Failures: 1, Errors: 0, Skipped: 0, Time elapsed: 0.086 s <<< FAILURE! - in org.sonar.samples.java.checks.AvoidClassInstanceObjectTest
org.sonar.samples.java.checks.AvoidClassInstanceObjectTest.detected  Time elapsed: 0.051 s  <<< FAILURE!
java.lang.AssertionError: No issue raised. At least one issue expected
	at org.sonar.samples.java.checks.AvoidClassInstanceObjectTest.detected(AvoidClassInstanceObjectTest.java:16)

